[Tue Nov 25 13:26:32.471398 2025] [ssl:warn] [pid 11720:tid 392] AH01909: www.example.com:443:0 server certificate does NOT include an ID which matches the server name
[Tue Nov 25 13:26:32.527848 2025] [ssl:warn] [pid 11720:tid 392] AH01909: www.example.com:443:0 server certificate does NOT include an ID which matches the server name
[Tue Nov 25 13:26:32.720696 2025] [mpm_winnt:notice] [pid 11720:tid 392] AH00455: Apache/2.4.58 (Win64) OpenSSL/3.1.3 PHP/8.2.12 configured -- resuming normal operations
[Tue Nov 25 13:26:32.720696 2025] [mpm_winnt:notice] [pid 11720:tid 392] AH00456: Apache Lounge VS17 Server built: Oct 18 2023 13:03:18
[Tue Nov 25 13:26:32.720696 2025] [core:notice] [pid 11720:tid 392] AH00094: Command line: 'C:\\xampp\\apache\\bin\\httpd.exe -d C:/xampp/apache'
[Tue Nov 25 13:26:32.725651 2025] [mpm_winnt:notice] [pid 11720:tid 392] AH00418: Parent: Created child process 20224
[Tue Nov 25 13:26:33.491059 2025] [ssl:warn] [pid 20224:tid 412] AH01909: www.example.com:443:0 server certificate does NOT include an ID which matches the server name
[Tue Nov 25 13:26:33.526636 2025] [ssl:warn] [pid 20224:tid 412] AH01909: www.example.com:443:0 server certificate does NOT include an ID which matches the server name
[Tue Nov 25 13:26:33.575395 2025] [mpm_winnt:notice] [pid 20224:tid 412] AH00354: Child: Starting 150 worker threads.
[Tue Nov 25 13:27:57.370406 2025] [ssl:warn] [pid 19032:tid 416] AH01909: www.example.com:443:0 server certificate does NOT include an ID which matches the server name
[Tue Nov 25 13:27:57.407204 2025] [ssl:warn] [pid 19032:tid 416] AH01909: www.example.com:443:0 server certificate does NOT include an ID which matches the server name
[Tue Nov 25 13:27:57.465600 2025] [mpm_winnt:notice] [pid 19032:tid 416] AH00455: Apache/2.4.58 (Win64) OpenSSL/3.1.3 PHP/8.2.12 configured -- resuming normal operations
[Tue Nov 25 13:27:57.465600 2025] [mpm_winnt:notice] [pid 19032:tid 416] AH00456: Apache Lounge VS17 Server built: Oct 18 2023 13:03:18
[Tue Nov 25 13:27:57.465600 2025] [core:notice] [pid 19032:tid 416] AH00094: Command line: 'c:\\xampp\\apache\\bin\\httpd.exe -d C:/xampp/apache'
[Tue Nov 25 13:27:57.470359 2025] [mpm_winnt:notice] [pid 19032:tid 416] AH00418: Parent: Created child process 10876
[Tue Nov 25 13:27:58.075675 2025] [ssl:warn] [pid 10876:tid 420] AH01909: www.example.com:443:0 server certificate does NOT include an ID which matches the server name
[Tue Nov 25 13:27:58.115198 2025] [ssl:warn] [pid 10876:tid 420] AH01909: www.example.com:443:0 server certificate does NOT include an ID which matches the server name
[Tue Nov 25 13:27:58.165452 2025] [mpm_winnt:notice] [pid 10876:tid 420] AH00354: Child: Starting 150 worker threads.
[Tue Nov 25 23:26:36.264619 2025] [php:error] [pid 10876:tid 1992] [client ::1:57627] PHP Parse error:  syntax error, unexpected identifier "Welcome", expecting "," or ";" in C:\\xampp\\htdocs\\lab10-php\\welcome.php on line 30, referer: http://localhost/lab10-php/login.php
[Tue Nov 25 23:27:04.698271 2025] [php:error] [pid 10876:tid 1988] [client ::1:61830] PHP Parse error:  syntax error, unexpected identifier "Welcome", expecting "," or ";" in C:\\xampp\\htdocs\\lab10-php\\welcome.php on line 30, referer: http://localhost/lab10-php/login.php
[Tue Nov 25 23:27:18.535730 2025] [php:error] [pid 10876:tid 1992] [client ::1:52477] PHP Parse error:  syntax error, unexpected identifier "Welcome", expecting "," or ";" in C:\\xampp\\htdocs\\lab10-php\\welcome.php on line 30, referer: http://localhost/lab10-php/login.php
[Wed Nov 26 00:31:27.769855 2025] [php:error] [pid 10876:tid 1988] [client ::1:63901] script 'C:/xampp/htdocs/lab10-php/index.php' not found or unable to stat, referer: http://localhost/lab10-php/login.php
[Wed Nov 26 00:31:37.563468 2025] [php:error] [pid 10876:tid 1992] [client ::1:59578] script 'C:/xampp/htdocs/lab10-php/index.php' not found or unable to stat, referer: http://localhost/lab10-php/login.php
[Wed Nov 26 00:31:41.777538 2025] [php:error] [pid 10876:tid 1992] [client ::1:59578] script 'C:/xampp/htdocs/lab10-php/welcome.php' not found or unable to stat, referer: http://localhost/lab10-php/login.php
[Wed Nov 26 00:31:43.023824 2025] [php:error] [pid 10876:tid 1992] [client ::1:59578] script 'C:/xampp/htdocs/lab10-php/login.php' not found or unable to stat
[Wed Nov 26 00:31:53.146037 2025] [php:error] [pid 10876:tid 1988] [client ::1:59751] script 'C:/xampp/htdocs/lab10-php/index.php' not found or unable to stat
[Tue Dec 09 15:43:39.932182 2025] [ssl:warn] [pid 18172:tid 436] AH01909: www.example.com:443:0 server certificate does NOT include an ID which matches the server name
[Tue Dec 09 15:43:39.982716 2025] [core:warn] [pid 18172:tid 436] AH00098: pid file C:/xampp/apache/logs/httpd.pid overwritten -- Unclean shutdown of previous Apache run?
[Tue Dec 09 15:43:39.982716 2025] [ssl:warn] [pid 18172:tid 436] AH01909: www.example.com:443:0 server certificate does NOT include an ID which matches the server name
[Tue Dec 09 15:43:40.481485 2025] [mpm_winnt:notice] [pid 18172:tid 436] AH00455: Apache/2.4.58 (Win64) OpenSSL/3.1.3 PHP/8.2.12 configured -- resuming normal operations
[Tue Dec 09 15:43:40.481485 2025] [mpm_winnt:notice] [pid 18172:tid 436] AH00456: Apache Lounge VS17 Server built: Oct 18 2023 13:03:18
[Tue Dec 09 15:43:40.481485 2025] [core:notice] [pid 18172:tid 436] AH00094: Command line: 'c:\\xampp\\apache\\bin\\httpd.exe -d C:/xampp/apache'
[Tue Dec 09 15:43:40.481485 2025] [mpm_winnt:notice] [pid 18172:tid 436] AH00418: Parent: Created child process 18476
[Tue Dec 09 15:43:40.981342 2025] [ssl:warn] [pid 18476:tid 392] AH01909: www.example.com:443:0 server certificate does NOT include an ID which matches the server name
[Tue Dec 09 15:43:41.031238 2025] [ssl:warn] [pid 18476:tid 392] AH01909: www.example.com:443:0 server certificate does NOT include an ID which matches the server name
[Tue Dec 09 15:43:41.079816 2025] [mpm_winnt:notice] [pid 18476:tid 392] AH00354: Child: Starting 150 worker threads.
[Thu Dec 11 14:46:18.401751 2025] [ssl:warn] [pid 19656:tid 400] AH01909: www.example.com:443:0 server certificate does NOT include an ID which matches the server name
[Thu Dec 11 14:46:18.489405 2025] [core:warn] [pid 19656:tid 400] AH00098: pid file C:/xampp/apache/logs/httpd.pid overwritten -- Unclean shutdown of previous Apache run?
[Thu Dec 11 14:46:18.494757 2025] [ssl:warn] [pid 19656:tid 400] AH01909: www.example.com:443:0 server certificate does NOT include an ID which matches the server name
[Thu Dec 11 14:46:19.460769 2025] [mpm_winnt:notice] [pid 19656:tid 400] AH00455: Apache/2.4.58 (Win64) OpenSSL/3.1.3 PHP/8.2.12 configured -- resuming normal operations
[Thu Dec 11 14:46:19.460769 2025] [mpm_winnt:notice] [pid 19656:tid 400] AH00456: Apache Lounge VS17 Server built: Oct 18 2023 13:03:18
[Thu Dec 11 14:46:19.460769 2025] [core:notice] [pid 19656:tid 400] AH00094: Command line: 'c:\\xampp\\apache\\bin\\httpd.exe -d C:/xampp/apache'
[Thu Dec 11 14:46:19.476391 2025] [mpm_winnt:notice] [pid 19656:tid 400] AH00418: Parent: Created child process 20324
[Thu Dec 11 14:46:20.311153 2025] [ssl:warn] [pid 20324:tid 372] AH01909: www.example.com:443:0 server certificate does NOT include an ID which matches the server name
